GCont.exe: 000050C0: 21:05:30 []:>--------------------------------------------------------------<
GCont.exe: 000050C0: 21:05:30 [TUniServerModule]:Server First Init.
GCont.exe: 000050C0: 21:05:30 [TUniServerModule]:Debug Mode = ON
GCont.exe: 000050C0: 21:05:30 [TUniServerModule]:Erasing Cache Folder...
GCont.exe: 000050C0: 21:05:31 [TUniServerModule]:Cache Folder Erased. <83> Files deleted.
GCont.exe: 000050C0: 21:05:31 [TUniServerModule]:Starting HTTP Server...
GCont.exe: 000050C0: 21:05:31 [TUniServerModule]:HTTP Server Started. Port: 8077
GCont.exe: 000084F4: 21:10:27 []:>--------------------------------------------------------------<
GCont.exe: 000084F4: 21:10:27 [TUniServerModule]:Server First Init.
GCont.exe: 000084F4: 21:10:27 [TUniServerModule]:Debug Mode = ON
GCont.exe: 000084F4: 21:10:27 [TUniServerModule]:Erasing Cache Folder...
GCont.exe: 000084F4: 21:10:27 [TUniServerModule]:Cache Folder Erased. <89> Files deleted.
GCont.exe: 000084F4: 21:10:27 [TUniServerModule]:Starting HTTP Server...
GCont.exe: 000084F4: 21:10:27 [TUniServerModule]:HTTP Server Started. Port: 8077
GCont.exe: 000055A0: 21:12:34 []:>--------------------------------------------------------------<
GCont.exe: 000055A0: 21:12:34 [TUniServerModule]:Server First Init.
GCont.exe: 000055A0: 21:12:34 [TUniServerModule]:Debug Mode = ON
GCont.exe: 000055A0: 21:12:34 [TUniServerModule]:Erasing Cache Folder...
GCont.exe: 000055A0: 21:12:34 [TUniServerModule]:Cache Folder Erased. <83> Files deleted.
GCont.exe: 000055A0: 21:12:34 [TUniServerModule]:Starting HTTP Server...
GCont.exe: 000055A0: 21:12:34 [TUniServerModule]:HTTP Server Started. Port: 8077
GCont.exe: 000052A0: 21:13:33 [127.0.0.1]:EDatabaseError : fdEmitEndereco: Field 'descLocal' not found : Addr: $0062C68E
GCont.exe: 00007218: 21:16:30 []:>--------------------------------------------------------------<
GCont.exe: 00007218: 21:16:30 [TUniServerModule]:Server First Init.
GCont.exe: 00007218: 21:16:30 [TUniServerModule]:Debug Mode = ON
GCont.exe: 00007218: 21:16:30 [TUniServerModule]:Erasing Cache Folder...
GCont.exe: 00007218: 21:16:30 [TUniServerModule]:Cache Folder Erased. <84> Files deleted.
GCont.exe: 00007218: 21:16:30 [TUniServerModule]:Starting HTTP Server...
GCont.exe: 00007218: 21:16:30 [TUniServerModule]:HTTP Server Started. Port: 8077
GCont.exe: 00005D84: 21:20:27 []:>--------------------------------------------------------------<
GCont.exe: 00005D84: 21:20:27 [TUniServerModule]:Server First Init.
GCont.exe: 00005D84: 21:20:27 [TUniServerModule]:Debug Mode = ON
GCont.exe: 00005D84: 21:20:27 [TUniServerModule]:Erasing Cache Folder...
GCont.exe: 00005D84: 21:20:27 [TUniServerModule]:Cache Folder Erased. <87> Files deleted.
GCont.exe: 00005D84: 21:20:27 [TUniServerModule]:Starting HTTP Server...
GCont.exe: 00005D84: 21:20:28 [TUniServerModule]:HTTP Server Started. Port: 8077
GCont.exe: 00003684: 21:24:09 []:>--------------------------------------------------------------<
GCont.exe: 00003684: 21:24:09 [TUniServerModule]:Server First Init.
GCont.exe: 00003684: 21:24:09 [TUniServerModule]:Debug Mode = ON
GCont.exe: 00003684: 21:24:09 [TUniServerModule]:Erasing Cache Folder...
GCont.exe: 00003684: 21:24:09 [TUniServerModule]:Cache Folder Erased. <92> Files deleted.
GCont.exe: 00003684: 21:24:09 [TUniServerModule]:Starting HTTP Server...
GCont.exe: 00003684: 21:24:09 [TUniServerModule]:HTTP Server Started. Port: 8077
GCont.exe: 00003388: 21:24:22 [127.0.0.1]:EDatabaseError : fdOrdemServico: Dataset not in edit or insert mode : Addr: $0062C68E
GCont.exe: 00002F84: 21:24:37 []:>--------------------------------------------------------------<
GCont.exe: 00002F84: 21:24:37 [TUniServerModule]:Server First Init.
GCont.exe: 00002F84: 21:24:37 [TUniServerModule]:Debug Mode = ON
GCont.exe: 00002F84: 21:24:37 [TUniServerModule]:Erasing Cache Folder...
GCont.exe: 00002F84: 21:24:37 [TUniServerModule]:Cache Folder Erased. <82> Files deleted.
GCont.exe: 00002F84: 21:24:37 [TUniServerModule]:Starting HTTP Server...
GCont.exe: 00002F84: 21:24:37 [TUniServerModule]:HTTP Server Started. Port: 8077
GCont.exe: 0000444C: 21:25:55 []:>--------------------------------------------------------------<
GCont.exe: 0000444C: 21:25:55 [TUniServerModule]:Server First Init.
GCont.exe: 0000444C: 21:25:55 [TUniServerModule]:Debug Mode = ON
GCont.exe: 0000444C: 21:25:55 [TUniServerModule]:Erasing Cache Folder...
GCont.exe: 0000444C: 21:25:55 [TUniServerModule]:Cache Folder Erased. <86> Files deleted.
GCont.exe: 0000444C: 21:25:55 [TUniServerModule]:Starting HTTP Server...
GCont.exe: 0000444C: 21:25:55 [TUniServerModule]:HTTP Server Started. Port: 8077
GCont.exe: 000087A8: 22:31:26 []:>--------------------------------------------------------------<
GCont.exe: 000087A8: 22:31:26 [TUniServerModule]:Server First Init.
GCont.exe: 000087A8: 22:31:26 [TUniServerModule]:Debug Mode = ON
GCont.exe: 000087A8: 22:31:26 [TUniServerModule]:Erasing Cache Folder...
GCont.exe: 000087A8: 22:31:26 [TUniServerModule]:Cache Folder Erased. <91> Files deleted.
GCont.exe: 000087A8: 22:31:26 [TUniServerModule]:Starting HTTP Server...
GCont.exe: 000087A8: 22:31:26 [TUniServerModule]:HTTP Server Started. Port: 8077
GCont.exe: 0000422C: 22:31:28 [127.0.0.1]:EUniSessionException : Sessão Inválida ou Timeout. : Addr: $00756402
GCont.exe: 000063E0: 22:31:46 [127.0.0.1]:EFDException : [FireDAC][Stan][Eval]-100. Column or function [codCondPagto] is not found. Hint: if the name is a function name, then add FireDAC.Stan.ExprFuncs to uses clause : Addr: $007945E2
GCont.exe: 0000197C: 22:32:52 []:>--------------------------------------------------------------<
GCont.exe: 0000197C: 22:32:52 [TUniServerModule]:Server First Init.
GCont.exe: 0000197C: 22:32:52 [TUniServerModule]:Debug Mode = ON
GCont.exe: 0000197C: 22:32:52 [TUniServerModule]:Erasing Cache Folder...
GCont.exe: 0000197C: 22:32:52 [TUniServerModule]:Cache Folder Erased. <87> Files deleted.
GCont.exe: 0000197C: 22:32:52 [TUniServerModule]:Starting HTTP Server...
GCont.exe: 0000197C: 22:32:52 [TUniServerModule]:HTTP Server Started. Port: 8077
GCont.exe: 00006BBC: 22:33:06 [127.0.0.1]:EUniSessionException : Sessão Inválida ou Timeout. : Addr: $00756402
GCont.exe: 00005B48: 22:34:36 []:>--------------------------------------------------------------<
GCont.exe: 00005B48: 22:34:36 [TUniServerModule]:Server First Init.
GCont.exe: 00005B48: 22:34:36 [TUniServerModule]:Debug Mode = ON
GCont.exe: 00005B48: 22:34:36 [TUniServerModule]:Erasing Cache Folder...
GCont.exe: 00005B48: 22:34:36 [TUniServerModule]:Cache Folder Erased. <54> Files deleted.
GCont.exe: 00005B48: 22:34:36 [TUniServerModule]:Starting HTTP Server...
GCont.exe: 00005B48: 22:34:36 [TUniServerModule]:HTTP Server Started. Port: 8077
GCont.exe: 000034E0: 22:34:37 [127.0.0.1]:EUniSessionException : Sessão Inválida ou Timeout. : Addr: $00756402
GCont.exe: 000035E8: 22:35:15 []:>--------------------------------------------------------------<
GCont.exe: 000035E8: 22:35:15 [TUniServerModule]:Server First Init.
GCont.exe: 000035E8: 22:35:15 [TUniServerModule]:Debug Mode = ON
GCont.exe: 000035E8: 22:35:15 [TUniServerModule]:Erasing Cache Folder...
GCont.exe: 000035E8: 22:35:15 [TUniServerModule]:Cache Folder Erased. <50> Files deleted.
GCont.exe: 000035E8: 22:35:15 [TUniServerModule]:Starting HTTP Server...
GCont.exe: 000035E8: 22:35:15 [TUniServerModule]:HTTP Server Started. Port: 8077
GCont.exe: 00006D98: 22:35:18 [127.0.0.1]:EUniSessionException : Sessão Inválida ou Timeout. : Addr: $00756402
