GCont.exe: 00022494: 09:56:28 []:>--------------------------------------------------------------<
GCont.exe: 00022494: 09:56:28 [TUniServerModule]:Server First Init.
GCont.exe: 00022494: 09:56:28 [TUniServerModule]:Debug Mode = ON
GCont.exe: 00022494: 09:56:28 [TUniServerModule]:Erasing Cache Folder...
GCont.exe: 00022494: 09:56:29 [TUniServerModule]:Cache Folder Erased. <129> Files deleted.
GCont.exe: 00022494: 09:56:29 [TUniServerModule]:Starting HTTP Server...
GCont.exe: 00022494: 09:56:29 [TUniServerModule]:HTTP Server Started. Port: 8077
GCont.exe: 000149D0: 10:02:14 []:>--------------------------------------------------------------<
GCont.exe: 000149D0: 10:02:14 [TUniServerModule]:Server First Init.
GCont.exe: 000149D0: 10:02:14 [TUniServerModule]:Debug Mode = ON
GCont.exe: 000149D0: 10:02:14 [TUniServerModule]:Erasing Cache Folder...
GCont.exe: 000149D0: 10:02:14 [TUniServerModule]:Cache Folder Erased. <1> Files deleted.
GCont.exe: 000149D0: 10:02:14 [TUniServerModule]:Starting HTTP Server...
GCont.exe: 000149D0: 10:02:14 [TUniServerModule]:HTTP Server Started. Port: 8077
GCont.exe: 00023DAC: 10:02:25 [127.0.0.1]:EClassNotFound : Class  not found : Addr: $004B2CFA
GCont.exe: 00022DFC: 10:03:29 []:>--------------------------------------------------------------<
GCont.exe: 00022DFC: 10:03:29 [TUniServerModule]:Server First Init.
GCont.exe: 00022DFC: 10:03:29 [TUniServerModule]:Debug Mode = ON
GCont.exe: 00022DFC: 10:03:29 [TUniServerModule]:Erasing Cache Folder...
GCont.exe: 00022DFC: 10:03:29 [TUniServerModule]:Cache Folder Erased. <43> Files deleted.
GCont.exe: 00022DFC: 10:03:29 [TUniServerModule]:Starting HTTP Server...
GCont.exe: 00022DFC: 10:03:29 [TUniServerModule]:HTTP Server Started. Port: 8077
GCont.exe: 00004304: 10:08:33 []:>--------------------------------------------------------------<
GCont.exe: 00004304: 10:08:33 [TUniServerModule]:Server First Init.
GCont.exe: 00004304: 10:08:33 [TUniServerModule]:Debug Mode = ON
GCont.exe: 00004304: 10:08:33 [TUniServerModule]:Erasing Cache Folder...
GCont.exe: 00004304: 10:08:33 [TUniServerModule]:Cache Folder Erased. <56> Files deleted.
GCont.exe: 00004304: 10:08:33 [TUniServerModule]:Starting HTTP Server...
GCont.exe: 00004304: 10:08:33 [TUniServerModule]:HTTP Server Started. Port: 8077
GCont.exe: 000262C4: 10:12:19 []:>--------------------------------------------------------------<
GCont.exe: 000262C4: 10:12:20 [TUniServerModule]:Server First Init.
GCont.exe: 000262C4: 10:12:20 [TUniServerModule]:Debug Mode = ON
GCont.exe: 000262C4: 10:12:20 [TUniServerModule]:Erasing Cache Folder...
GCont.exe: 000262C4: 10:12:20 [TUniServerModule]:Cache Folder Erased. <56> Files deleted.
GCont.exe: 000262C4: 10:12:20 [TUniServerModule]:Starting HTTP Server...
GCont.exe: 000262C4: 10:12:20 [TUniServerModule]:HTTP Server Started. Port: 8077
GCont.exe: 0001F95C: 10:26:21 []:>--------------------------------------------------------------<
GCont.exe: 0001F95C: 10:26:21 [TUniServerModule]:Server First Init.
GCont.exe: 0001F95C: 10:26:21 [TUniServerModule]:Debug Mode = ON
GCont.exe: 0001F95C: 10:26:21 [TUniServerModule]:Erasing Cache Folder...
GCont.exe: 0001F95C: 10:26:21 [TUniServerModule]:Cache Folder Erased. <58> Files deleted.
GCont.exe: 0001F95C: 10:26:21 [TUniServerModule]:Starting HTTP Server...
GCont.exe: 0001F95C: 10:26:22 [TUniServerModule]:HTTP Server Started. Port: 8077
GCont.exe: 00005C8C: 10:29:30 [127.0.0.1]:EDatabaseError : fqAuxiliar: Field 'tpPrecoPadraoOS' not found : Addr: $0062C73E
GCont.exe: 00005C8C: 10:29:42 [127.0.0.1]:EDatabaseError : Field 'descricao' must have a value : Addr: $0062C753
GCont.exe: 000098C0: 10:31:18 []:>--------------------------------------------------------------<
GCont.exe: 000098C0: 10:31:18 [TUniServerModule]:Server First Init.
GCont.exe: 000098C0: 10:31:18 [TUniServerModule]:Debug Mode = ON
GCont.exe: 000098C0: 10:31:18 [TUniServerModule]:Erasing Cache Folder...
GCont.exe: 000098C0: 10:31:18 [TUniServerModule]:Cache Folder Erased. <123> Files deleted.
GCont.exe: 000098C0: 10:31:18 [TUniServerModule]:Starting HTTP Server...
GCont.exe: 000098C0: 10:31:18 [TUniServerModule]:HTTP Server Started. Port: 8077
GCont.exe: 00009078: 10:31:39 [127.0.0.1]:EDatabaseError : fqAuxiliar: Field 'tpPrecoPadraoOS' not found : Addr: $0062C73E
GCont.exe: 0000B72C: 10:43:10 []:>--------------------------------------------------------------<
GCont.exe: 0000B72C: 10:43:10 [TUniServerModule]:Server First Init.
GCont.exe: 0000B72C: 10:43:10 [TUniServerModule]:Debug Mode = ON
GCont.exe: 0000B72C: 10:43:10 [TUniServerModule]:Erasing Cache Folder...
GCont.exe: 0000B72C: 10:43:10 [TUniServerModule]:Cache Folder Erased. <101> Files deleted.
GCont.exe: 0000B72C: 10:43:10 [TUniServerModule]:Starting HTTP Server...
GCont.exe: 0000B72C: 10:43:10 [TUniServerModule]:HTTP Server Started. Port: 8077
GCont.exe: 0000D02C: 10:45:29 []:>--------------------------------------------------------------<
GCont.exe: 0000D02C: 10:45:29 [TUniServerModule]:Server First Init.
GCont.exe: 0000D02C: 10:45:29 [TUniServerModule]:Debug Mode = ON
GCont.exe: 0000D02C: 10:45:29 [TUniServerModule]:Erasing Cache Folder...
GCont.exe: 0000D02C: 10:45:29 [TUniServerModule]:Cache Folder Erased. <102> Files deleted.
GCont.exe: 0000D02C: 10:45:29 [TUniServerModule]:Starting HTTP Server...
GCont.exe: 0000D02C: 10:45:29 [TUniServerModule]:HTTP Server Started. Port: 8077
GCont.exe: 0000C55C: 10:47:18 [127.0.0.1]:EDatabaseError : fdItem: Cannot perform this operation on a closed dataset : Addr: $0062C73E
GCont.exe: 0000C55C: 10:47:28 [127.0.0.1]:EDatabaseError : fdItem: Cannot perform this operation on a closed dataset : Addr: $0062C73E
GCont.exe: 00020E1C: 10:49:39 []:>--------------------------------------------------------------<
GCont.exe: 00020E1C: 10:49:39 [TUniServerModule]:Server First Init.
GCont.exe: 00020E1C: 10:49:39 [TUniServerModule]:Debug Mode = ON
GCont.exe: 00020E1C: 10:49:39 [TUniServerModule]:Erasing Cache Folder...
GCont.exe: 00020E1C: 10:49:39 [TUniServerModule]:Cache Folder Erased. <107> Files deleted.
GCont.exe: 00020E1C: 10:49:39 [TUniServerModule]:Starting HTTP Server...
GCont.exe: 00020E1C: 10:49:39 [TUniServerModule]:HTTP Server Started. Port: 8077
GCont.exe: 0000CDF4: 10:49:52 [127.0.0.1]:EDatabaseError : fdItem: Field 'itemDesc' not found : Addr: $0062C73E
GCont.exe: 00028164: 11:15:11 []:>--------------------------------------------------------------<
GCont.exe: 00028164: 11:15:11 [TUniServerModule]:Server First Init.
GCont.exe: 00028164: 11:15:11 [TUniServerModule]:Debug Mode = ON
GCont.exe: 00028164: 11:15:11 [TUniServerModule]:Erasing Cache Folder...
GCont.exe: 00028164: 11:15:11 [TUniServerModule]:Cache Folder Erased. <102> Files deleted.
GCont.exe: 00028164: 11:15:11 [TUniServerModule]:Starting HTTP Server...
GCont.exe: 00028164: 11:15:11 [TUniServerModule]:HTTP Server Started. Port: 8077
GCont.exe: 0001CA28: 11:52:28 []:>--------------------------------------------------------------<
GCont.exe: 0001CA28: 11:52:28 [TUniServerModule]:Server First Init.
GCont.exe: 0001CA28: 11:52:28 [TUniServerModule]:Debug Mode = ON
GCont.exe: 0001CA28: 11:52:28 [TUniServerModule]:Erasing Cache Folder...
GCont.exe: 0001CA28: 11:52:28 [TUniServerModule]:Cache Folder Erased. <114> Files deleted.
GCont.exe: 0001CA28: 11:52:28 [TUniServerModule]:Starting HTTP Server...
GCont.exe: 0001CA28: 11:52:28 [TUniServerModule]:HTTP Server Started. Port: 8077
GCont.exe: 00007C80: 11:52:30 [127.0.0.1]:EUniSessionException : Sessão Inválida ou Timeout. : Addr: $007564B2
GCont.exe: 0001D66C: 11:53:33 [127.0.0.1]:EClassNotFound : Class TFTitulosAReceberRelatorios not found : Addr: $004B2CFA
GCont.exe: 00019040: 11:54:47 []:>--------------------------------------------------------------<
GCont.exe: 00019040: 11:54:47 [TUniServerModule]:Server First Init.
GCont.exe: 00019040: 11:54:47 [TUniServerModule]:Debug Mode = ON
GCont.exe: 00019040: 11:54:47 [TUniServerModule]:Erasing Cache Folder...
GCont.exe: 00019040: 11:54:47 [TUniServerModule]:Cache Folder Erased. <43> Files deleted.
GCont.exe: 00019040: 11:54:47 [TUniServerModule]:Starting HTTP Server...
GCont.exe: 00019040: 11:54:47 [TUniServerModule]:HTTP Server Started. Port: 8077
GCont.exe: 0001B2D4: 11:57:02 []:>--------------------------------------------------------------<
GCont.exe: 0001B2D4: 11:57:02 [TUniServerModule]:Server First Init.
GCont.exe: 0001B2D4: 11:57:02 [TUniServerModule]:Debug Mode = ON
GCont.exe: 0001B2D4: 11:57:02 [TUniServerModule]:Erasing Cache Folder...
GCont.exe: 0001B2D4: 11:57:02 [TUniServerModule]:Cache Folder Erased. <68> Files deleted.
GCont.exe: 0001B2D4: 11:57:02 [TUniServerModule]:Starting HTTP Server...
GCont.exe: 0001B2D4: 11:57:02 [TUniServerModule]:HTTP Server Started. Port: 8077
GCont.exe: 0001DCD0: 11:57:02 [127.0.0.1]:EUniSessionException : Sessão Inválida ou Timeout. : Addr: $007564B2
GCont.exe: 0001A980: 14:11:02 []:>--------------------------------------------------------------<
GCont.exe: 0001A980: 14:11:02 [TUniServerModule]:Server First Init.
GCont.exe: 0001A980: 14:11:02 [TUniServerModule]:Debug Mode = ON
GCont.exe: 0001A980: 14:11:02 [TUniServerModule]:Erasing Cache Folder...
GCont.exe: 0001A980: 14:11:02 [TUniServerModule]:Cache Folder Erased. <88> Files deleted.
GCont.exe: 0001A980: 14:11:02 [TUniServerModule]:Starting HTTP Server...
GCont.exe: 0001A980: 14:11:02 [TUniServerModule]:HTTP Server Started. Port: 8077
GCont.exe: 000122C4: 14:11:18 [127.0.0.1]:EClassNotFound : Class FOrdemServicoRelatorio not found : Addr: $004B2CFA
GCont.exe: 00016280: 14:11:45 []:>--------------------------------------------------------------<
GCont.exe: 00016280: 14:11:45 [TUniServerModule]:Server First Init.
GCont.exe: 00016280: 14:11:45 [TUniServerModule]:Debug Mode = ON
GCont.exe: 00016280: 14:11:45 [TUniServerModule]:Erasing Cache Folder...
GCont.exe: 00016280: 14:11:45 [TUniServerModule]:Cache Folder Erased. <43> Files deleted.
GCont.exe: 00016280: 14:11:45 [TUniServerModule]:Starting HTTP Server...
GCont.exe: 00016280: 14:11:45 [TUniServerModule]:HTTP Server Started. Port: 8077
GCont.exe: 00014AB4: 14:11:58 [127.0.0.1]:EClassNotFound : Class FOrdemServicoRelatorio not found : Addr: $004B2CFA
GCont.exe: 00016E0C: 14:12:15 []:>--------------------------------------------------------------<
GCont.exe: 00016E0C: 14:12:15 [TUniServerModule]:Server First Init.
GCont.exe: 00016E0C: 14:12:15 [TUniServerModule]:Debug Mode = ON
GCont.exe: 00016E0C: 14:12:15 [TUniServerModule]:Erasing Cache Folder...
GCont.exe: 00016E0C: 14:12:15 [TUniServerModule]:Cache Folder Erased. <43> Files deleted.
GCont.exe: 00016E0C: 14:12:15 [TUniServerModule]:Starting HTTP Server...
GCont.exe: 00016E0C: 14:12:15 [TUniServerModule]:HTTP Server Started. Port: 8077
GCont.exe: 0001AAE4: 14:15:20 []:>--------------------------------------------------------------<
GCont.exe: 0001AAE4: 14:15:20 [TUniServerModule]:Server First Init.
GCont.exe: 0001AAE4: 14:15:20 [TUniServerModule]:Debug Mode = ON
GCont.exe: 0001AAE4: 14:15:20 [TUniServerModule]:Erasing Cache Folder...
GCont.exe: 0001AAE4: 14:15:20 [TUniServerModule]:Cache Folder Erased. <56> Files deleted.
GCont.exe: 0001AAE4: 14:15:20 [TUniServerModule]:Starting HTTP Server...
GCont.exe: 0001AAE4: 14:15:20 [TUniServerModule]:HTTP Server Started. Port: 8077
GCont.exe: 0001C4E8: 14:20:21 []:>--------------------------------------------------------------<
GCont.exe: 0001C4E8: 14:20:21 [TUniServerModule]:Server First Init.
GCont.exe: 0001C4E8: 14:20:21 [TUniServerModule]:Debug Mode = ON
GCont.exe: 0001C4E8: 14:20:21 [TUniServerModule]:Erasing Cache Folder...
GCont.exe: 0001C4E8: 14:20:21 [TUniServerModule]:Cache Folder Erased. <60> Files deleted.
GCont.exe: 0001C4E8: 14:20:22 [TUniServerModule]:Starting HTTP Server...
GCont.exe: 0001C4E8: 14:20:22 [TUniServerModule]:HTTP Server Started. Port: 8077
GCont.exe: 00013EE4: 14:21:02 []:>--------------------------------------------------------------<
GCont.exe: 00013EE4: 14:21:02 [TUniServerModule]:Server First Init.
GCont.exe: 00013EE4: 14:21:02 [TUniServerModule]:Debug Mode = ON
GCont.exe: 00013EE4: 14:21:02 [TUniServerModule]:Erasing Cache Folder...
GCont.exe: 00013EE4: 14:21:02 [TUniServerModule]:Cache Folder Erased. <56> Files deleted.
GCont.exe: 00013EE4: 14:21:02 [TUniServerModule]:Starting HTTP Server...
GCont.exe: 00013EE4: 14:21:02 [TUniServerModule]:HTTP Server Started. Port: 8077
GCont.exe: 0001B318: 14:21:03 [127.0.0.1]:EUniSessionException : Sessão Inválida ou Timeout. : Addr: $007564B2
GCont.exe: 0001B304: 14:22:32 []:>--------------------------------------------------------------<
GCont.exe: 0001B304: 14:22:32 [TUniServerModule]:Server First Init.
GCont.exe: 0001B304: 14:22:32 [TUniServerModule]:Debug Mode = ON
GCont.exe: 0001B304: 14:22:32 [TUniServerModule]:Erasing Cache Folder...
GCont.exe: 0001B304: 14:22:33 [TUniServerModule]:Cache Folder Erased. <56> Files deleted.
GCont.exe: 0001B304: 14:22:33 [TUniServerModule]:Starting HTTP Server...
GCont.exe: 0001B304: 14:22:33 [TUniServerModule]:HTTP Server Started. Port: 8077
GCont.exe: 0001DA70: 14:22:33 [127.0.0.1]:EUniSessionException : Sessão Inválida ou Timeout. : Addr: $007564B2
GCont.exe: 00014BA0: 14:27:03 []:>--------------------------------------------------------------<
GCont.exe: 00014BA0: 14:27:03 [TUniServerModule]:Server First Init.
GCont.exe: 00014BA0: 14:27:03 [TUniServerModule]:Debug Mode = ON
GCont.exe: 00014BA0: 14:27:03 [TUniServerModule]:Erasing Cache Folder...
GCont.exe: 00014BA0: 14:27:03 [TUniServerModule]:Cache Folder Erased. <58> Files deleted.
GCont.exe: 00014BA0: 14:27:03 [TUniServerModule]:Starting HTTP Server...
GCont.exe: 00014BA0: 14:27:03 [TUniServerModule]:HTTP Server Started. Port: 8077
GCont.exe: 00018298: 14:29:49 []:>--------------------------------------------------------------<
GCont.exe: 00018298: 14:29:49 [TUniServerModule]:Server First Init.
GCont.exe: 00018298: 14:29:49 [TUniServerModule]:Debug Mode = ON
GCont.exe: 00018298: 14:29:49 [TUniServerModule]:Erasing Cache Folder...
GCont.exe: 00018298: 14:29:49 [TUniServerModule]:Cache Folder Erased. <58> Files deleted.
GCont.exe: 00018298: 14:29:49 [TUniServerModule]:Starting HTTP Server...
GCont.exe: 00018298: 14:29:49 [TUniServerModule]:HTTP Server Started. Port: 8077
GCont.exe: 0001DE18: 14:33:19 []:>--------------------------------------------------------------<
GCont.exe: 0001DE18: 14:33:19 [TUniServerModule]:Server First Init.
GCont.exe: 0001DE18: 14:33:19 [TUniServerModule]:Debug Mode = ON
GCont.exe: 0001DE18: 14:33:19 [TUniServerModule]:Erasing Cache Folder...
GCont.exe: 0001DE18: 14:33:20 [TUniServerModule]:Cache Folder Erased. <59> Files deleted.
GCont.exe: 0001DE18: 14:33:20 [TUniServerModule]:Starting HTTP Server...
GCont.exe: 0001DE18: 14:33:20 [TUniServerModule]:HTTP Server Started. Port: 8077
GCont.exe: 00020A88: 14:33:42 [127.0.0.1]:EMySQLNativeException : [FireDAC][Phys][MySQL] Column 'situacao' in where clause is ambiguous : Addr: $00794692
GCont.exe: 0001FB00: 14:33:55 []:>--------------------------------------------------------------<
GCont.exe: 0001FB00: 14:33:55 [TUniServerModule]:Server First Init.
GCont.exe: 0001FB00: 14:33:55 [TUniServerModule]:Debug Mode = ON
GCont.exe: 0001FB00: 14:33:55 [TUniServerModule]:Erasing Cache Folder...
GCont.exe: 0001FB00: 14:33:55 [TUniServerModule]:Cache Folder Erased. <57> Files deleted.
GCont.exe: 0001FB00: 14:33:55 [TUniServerModule]:Starting HTTP Server...
GCont.exe: 0001FB00: 14:33:55 [TUniServerModule]:HTTP Server Started. Port: 8077
GCont.exe: 0001F1A4: 21:48:00 []:>--------------------------------------------------------------<
GCont.exe: 0001F1A4: 21:48:00 [TUniServerModule]:Server First Init.
GCont.exe: 0001F1A4: 21:48:00 [TUniServerModule]:Debug Mode = ON
GCont.exe: 0001F1A4: 21:48:00 [TUniServerModule]:Erasing Cache Folder...
GCont.exe: 0001F1A4: 21:48:00 [TUniServerModule]:Cache Folder Erased. <88> Files deleted.
GCont.exe: 0001F1A4: 21:48:00 [TUniServerModule]:Starting HTTP Server...
GCont.exe: 0001F1A4: 21:48:00 [TUniServerModule]:HTTP Server Started. Port: 8077
GCont.exe: 0001EDB8: 21:50:20 []:>--------------------------------------------------------------<
GCont.exe: 0001EDB8: 21:50:20 [TUniServerModule]:Server First Init.
GCont.exe: 0001EDB8: 21:50:20 [TUniServerModule]:Debug Mode = ON
GCont.exe: 0001EDB8: 21:50:20 [TUniServerModule]:Erasing Cache Folder...
GCont.exe: 0001EDB8: 21:50:20 [TUniServerModule]:Cache Folder Erased. <62> Files deleted.
GCont.exe: 0001EDB8: 21:50:20 [TUniServerModule]:Starting HTTP Server...
GCont.exe: 0001EDB8: 21:50:20 [TUniServerModule]:HTTP Server Started. Port: 8077
GCont.exe: 0002160C: 21:50:21 [127.0.0.1]:EUniSessionException : Sessão Inválida ou Timeout. : Addr: $007564B2
GCont.exe: 00020B7C: 21:51:05 []:>--------------------------------------------------------------<
GCont.exe: 00020B7C: 21:51:06 [TUniServerModule]:Server First Init.
GCont.exe: 00020B7C: 21:51:06 [TUniServerModule]:Debug Mode = ON
GCont.exe: 00020B7C: 21:51:06 [TUniServerModule]:Erasing Cache Folder...
GCont.exe: 00020B7C: 21:51:06 [TUniServerModule]:Cache Folder Erased. <89> Files deleted.
GCont.exe: 00020B7C: 21:51:06 [TUniServerModule]:Starting HTTP Server...
GCont.exe: 00020B7C: 21:51:06 [TUniServerModule]:HTTP Server Started. Port: 8077
GCont.exe: 000227B4: 21:55:03 []:>--------------------------------------------------------------<
GCont.exe: 000227B4: 21:55:03 [TUniServerModule]:Server First Init.
GCont.exe: 000227B4: 21:55:03 [TUniServerModule]:Debug Mode = ON
GCont.exe: 000227B4: 21:55:03 [TUniServerModule]:Erasing Cache Folder...
GCont.exe: 000227B4: 21:55:03 [TUniServerModule]:Cache Folder Erased. <95> Files deleted.
GCont.exe: 000227B4: 21:55:03 [TUniServerModule]:Starting HTTP Server...
GCont.exe: 000227B4: 21:55:03 [TUniServerModule]:HTTP Server Started. Port: 8077
GCont.exe: 0001E238: 22:01:10 []:>--------------------------------------------------------------<
GCont.exe: 0001E238: 22:01:10 [TUniServerModule]:Server First Init.
GCont.exe: 0001E238: 22:01:10 [TUniServerModule]:Debug Mode = ON
GCont.exe: 0001E238: 22:01:10 [TUniServerModule]:Erasing Cache Folder...
GCont.exe: 0001E238: 22:01:10 [TUniServerModule]:Cache Folder Erased. <94> Files deleted.
GCont.exe: 0001E238: 22:01:10 [TUniServerModule]:Starting HTTP Server...
GCont.exe: 0001E238: 22:01:10 [TUniServerModule]:HTTP Server Started. Port: 8077
GCont.exe: 000277AC: 22:06:03 []:>--------------------------------------------------------------<
GCont.exe: 000277AC: 22:06:03 [TUniServerModule]:Server First Init.
GCont.exe: 000277AC: 22:06:03 [TUniServerModule]:Debug Mode = ON
GCont.exe: 000277AC: 22:06:03 [TUniServerModule]:Erasing Cache Folder...
GCont.exe: 000277AC: 22:06:03 [TUniServerModule]:Cache Folder Erased. <92> Files deleted.
GCont.exe: 000277AC: 22:06:03 [TUniServerModule]:Starting HTTP Server...
GCont.exe: 000277AC: 22:06:03 [TUniServerModule]:HTTP Server Started. Port: 8077
GCont.exe: 000283C4: 22:09:26 []:>--------------------------------------------------------------<
GCont.exe: 000283C4: 22:09:26 [TUniServerModule]:Server First Init.
GCont.exe: 000283C4: 22:09:26 [TUniServerModule]:Debug Mode = ON
GCont.exe: 000283C4: 22:09:26 [TUniServerModule]:Erasing Cache Folder...
GCont.exe: 000283C4: 22:09:26 [TUniServerModule]:Cache Folder Erased. <100> Files deleted.
GCont.exe: 000283C4: 22:09:26 [TUniServerModule]:Starting HTTP Server...
GCont.exe: 000283C4: 22:09:26 [TUniServerModule]:HTTP Server Started. Port: 8077
GCont.exe: 0000327C: 22:16:58 []:>--------------------------------------------------------------<
GCont.exe: 0000327C: 22:16:58 [TUniServerModule]:Server First Init.
GCont.exe: 0000327C: 22:16:58 [TUniServerModule]:Debug Mode = ON
GCont.exe: 0000327C: 22:16:58 [TUniServerModule]:Erasing Cache Folder...
GCont.exe: 0000327C: 22:16:58 [TUniServerModule]:Cache Folder Erased. <108> Files deleted.
GCont.exe: 0000327C: 22:16:58 [TUniServerModule]:Starting HTTP Server...
GCont.exe: 0000327C: 22:16:58 [TUniServerModule]:HTTP Server Started. Port: 8077
GCont.exe: 000109CC: 23:11:34 []:>--------------------------------------------------------------<
GCont.exe: 000109CC: 23:11:34 [TUniServerModule]:Server First Init.
GCont.exe: 000109CC: 23:11:34 [TUniServerModule]:Debug Mode = ON
GCont.exe: 000109CC: 23:11:34 [TUniServerModule]:Erasing Cache Folder...
GCont.exe: 000109CC: 23:11:34 [TUniServerModule]:Cache Folder Erased. <96> Files deleted.
GCont.exe: 000109CC: 23:11:34 [TUniServerModule]:Starting HTTP Server...
GCont.exe: 000109CC: 23:11:34 [TUniServerModule]:HTTP Server Started. Port: 8077
GCont.exe: 0000FAF8: 23:12:07 [127.0.0.1]:EDatabaseError : UniDBFormattedNumberEdit8: Field 'valorTituloReceber' not found : Addr: $0062C73E
GCont.exe: 0000B2A4: 23:13:24 []:>--------------------------------------------------------------<
GCont.exe: 0000B2A4: 23:13:24 [TUniServerModule]:Server First Init.
GCont.exe: 0000B2A4: 23:13:24 [TUniServerModule]:Debug Mode = ON
GCont.exe: 0000B2A4: 23:13:24 [TUniServerModule]:Erasing Cache Folder...
GCont.exe: 0000B2A4: 23:13:24 [TUniServerModule]:Cache Folder Erased. <71> Files deleted.
GCont.exe: 0000B2A4: 23:13:24 [TUniServerModule]:Starting HTTP Server...
GCont.exe: 0000B2A4: 23:13:24 [TUniServerModule]:HTTP Server Started. Port: 8077
GCont.exe: 00011274: 23:13:25 [127.0.0.1]:EUniSessionException : Sessão Inválida ou Timeout. : Addr: $007564B2
GCont.exe: 00012CBC: 23:13:25 [127.0.0.1]:EUniSessionException : Sessão Inválida ou Timeout. : Addr: $007564B2
GCont.exe: 000136C0: 23:16:52 []:>--------------------------------------------------------------<
GCont.exe: 000136C0: 23:16:52 [TUniServerModule]:Server First Init.
GCont.exe: 000136C0: 23:16:52 [TUniServerModule]:Debug Mode = ON
GCont.exe: 000136C0: 23:16:52 [TUniServerModule]:Erasing Cache Folder...
GCont.exe: 000136C0: 23:16:52 [TUniServerModule]:Cache Folder Erased. <76> Files deleted.
GCont.exe: 000136C0: 23:16:52 [TUniServerModule]:Starting HTTP Server...
GCont.exe: 000136C0: 23:16:52 [TUniServerModule]:HTTP Server Started. Port: 8077
GCont.exe: 0000E2F8: 23:16:52 [127.0.0.1]:EUniSessionException : Sessão Inválida ou Timeout. : Addr: $007564B2
GCont.exe: 000128E0: 23:16:52 [127.0.0.1]:EUniSessionException : Sessão Inválida ou Timeout. : Addr: $007564B2
GCont.exe: 00012068: 23:22:38 []:>--------------------------------------------------------------<
GCont.exe: 00012068: 23:22:38 [TUniServerModule]:Server First Init.
GCont.exe: 00012068: 23:22:38 [TUniServerModule]:Debug Mode = ON
GCont.exe: 00012068: 23:22:38 [TUniServerModule]:Erasing Cache Folder...
GCont.exe: 00012068: 23:22:38 [TUniServerModule]:Cache Folder Erased. <79> Files deleted.
GCont.exe: 00012068: 23:22:38 [TUniServerModule]:Starting HTTP Server...
GCont.exe: 00012068: 23:22:38 [TUniServerModule]:HTTP Server Started. Port: 8077
GCont.exe: 0000A814: 23:57:28 []:>--------------------------------------------------------------<
GCont.exe: 0000A814: 23:57:28 [TUniServerModule]:Server First Init.
GCont.exe: 0000A814: 23:57:28 [TUniServerModule]:Debug Mode = ON
GCont.exe: 0000A814: 23:57:28 [TUniServerModule]:Erasing Cache Folder...
GCont.exe: 0000A814: 23:57:28 [TUniServerModule]:Cache Folder Erased. <116> Files deleted.
GCont.exe: 0000A814: 23:57:28 [TUniServerModule]:Starting HTTP Server...
GCont.exe: 0000A814: 23:57:28 [TUniServerModule]:HTTP Server Started. Port: 8077
GCont.exe: 00010138: 23:57:46 []:>--------------------------------------------------------------<
GCont.exe: 00010138: 23:57:46 [TUniServerModule]:Server First Init.
GCont.exe: 00010138: 23:57:46 [TUniServerModule]:Debug Mode = ON
GCont.exe: 00010138: 23:57:46 [TUniServerModule]:Erasing Cache Folder...
GCont.exe: 00010138: 23:57:46 [TUniServerModule]:Cache Folder Erased. <1> Files deleted.
GCont.exe: 00010138: 23:57:46 [TUniServerModule]:Starting HTTP Server...
GCont.exe: 00010138: 23:57:46 [TUniServerModule]:HTTP Server Started. Port: 8077
GCont.exe: 000168B4: 23:58:56 [127.0.0.1]:EDatabaseError : fdEmitente: Cannot perform this operation on a closed dataset : Addr: $0062C73E
GCont.exe: 0001D988: 23:59:26 []:>--------------------------------------------------------------<
GCont.exe: 0001D988: 23:59:26 [TUniServerModule]:Server First Init.
GCont.exe: 0001D988: 23:59:26 [TUniServerModule]:Debug Mode = ON
GCont.exe: 0001D988: 23:59:26 [TUniServerModule]:Erasing Cache Folder...
GCont.exe: 0001D988: 23:59:26 [TUniServerModule]:Cache Folder Erased. <79> Files deleted.
GCont.exe: 0001D988: 23:59:26 [TUniServerModule]:Starting HTTP Server...
GCont.exe: 0001D988: 23:59:26 [TUniServerModule]:HTTP Server Started. Port: 8077
