GCont.exe: 000041A4: 19:54:21 []:>--------------------------------------------------------------<
GCont.exe: 000041A4: 19:54:21 [TUniServerModule]:Server First Init.
GCont.exe: 000041A4: 19:54:21 [TUniServerModule]:Debug Mode = ON
GCont.exe: 000041A4: 19:54:21 [TUniServerModule]:Erasing Cache Folder...
GCont.exe: 000041A4: 19:54:21 [TUniServerModule]:Cache Folder Erased. <87> Files deleted.
GCont.exe: 000041A4: 19:54:21 [TUniServerModule]:Starting HTTP Server...
GCont.exe: 000041A4: 19:54:21 [TUniServerModule]:HTTP Server Started. Port: 8077
GCont.exe: 00000770: 19:56:11 []:>--------------------------------------------------------------<
GCont.exe: 00000770: 19:56:11 [TUniServerModule]:Server First Init.
GCont.exe: 00000770: 19:56:11 [TUniServerModule]:Debug Mode = ON
GCont.exe: 00000770: 19:56:11 [TUniServerModule]:Erasing Cache Folder...
GCont.exe: 00000770: 19:56:11 [TUniServerModule]:Cache Folder Erased. <90> Files deleted.
GCont.exe: 00000770: 19:56:11 [TUniServerModule]:Starting HTTP Server...
GCont.exe: 00000770: 19:56:11 [TUniServerModule]:HTTP Server Started. Port: 8077
GCont.exe: 000046B0: 19:59:33 []:>--------------------------------------------------------------<
GCont.exe: 000046B0: 19:59:33 [TUniServerModule]:Server First Init.
GCont.exe: 000046B0: 19:59:33 [TUniServerModule]:Debug Mode = ON
GCont.exe: 000046B0: 19:59:33 [TUniServerModule]:Erasing Cache Folder...
GCont.exe: 000046B0: 19:59:33 [TUniServerModule]:Cache Folder Erased. <90> Files deleted.
GCont.exe: 000046B0: 19:59:33 [TUniServerModule]:Starting HTTP Server...
GCont.exe: 000046B0: 19:59:33 [TUniServerModule]:HTTP Server Started. Port: 8077
GCont.exe: 00004900: 20:26:21 []:>--------------------------------------------------------------<
GCont.exe: 00004900: 20:26:21 [TUniServerModule]:Server First Init.
GCont.exe: 00004900: 20:26:21 [TUniServerModule]:Debug Mode = ON
GCont.exe: 00004900: 20:26:21 [TUniServerModule]:Erasing Cache Folder...
GCont.exe: 00004900: 20:26:21 [TUniServerModule]:Cache Folder Erased. <74> Files deleted.
GCont.exe: 00004900: 20:26:21 [TUniServerModule]:Starting HTTP Server...
GCont.exe: 00004900: 20:26:21 [TUniServerModule]:HTTP Server Started. Port: 8077
GCont.exe: 000048D4: 20:28:26 []:>--------------------------------------------------------------<
GCont.exe: 000048D4: 20:28:26 [TUniServerModule]:Server First Init.
GCont.exe: 000048D4: 20:28:26 [TUniServerModule]:Debug Mode = ON
GCont.exe: 000048D4: 20:28:26 [TUniServerModule]:Erasing Cache Folder...
GCont.exe: 000048D4: 20:28:26 [TUniServerModule]:Cache Folder Erased. <36> Files deleted.
GCont.exe: 000048D4: 20:28:26 [TUniServerModule]:Starting HTTP Server...
GCont.exe: 000048D4: 20:28:26 [TUniServerModule]:HTTP Server Started. Port: 8077
GCont.exe: 00003440: 20:29:13 []:>--------------------------------------------------------------<
GCont.exe: 00003440: 20:29:13 [TUniServerModule]:Server First Init.
GCont.exe: 00003440: 20:29:13 [TUniServerModule]:Debug Mode = ON
GCont.exe: 00003440: 20:29:13 [TUniServerModule]:Erasing Cache Folder...
GCont.exe: 00003440: 20:29:14 [TUniServerModule]:Cache Folder Erased. <79> Files deleted.
GCont.exe: 00003440: 20:29:14 [TUniServerModule]:Starting HTTP Server...
GCont.exe: 00003440: 20:29:14 [TUniServerModule]:HTTP Server Started. Port: 8077
GCont.exe: 000021B0: 20:30:09 []:>--------------------------------------------------------------<
GCont.exe: 000021B0: 20:30:09 [TUniServerModule]:Server First Init.
GCont.exe: 000021B0: 20:30:09 [TUniServerModule]:Debug Mode = ON
GCont.exe: 000021B0: 20:30:09 [TUniServerModule]:Erasing Cache Folder...
GCont.exe: 000021B0: 20:30:09 [TUniServerModule]:Cache Folder Erased. <81> Files deleted.
GCont.exe: 000021B0: 20:30:09 [TUniServerModule]:Starting HTTP Server...
GCont.exe: 000021B0: 20:30:09 [TUniServerModule]:HTTP Server Started. Port: 8077
GCont.exe: 00001CB8: 21:27:11 []:>--------------------------------------------------------------<
GCont.exe: 00001CB8: 21:27:11 [TUniServerModule]:Server First Init.
GCont.exe: 00001CB8: 21:27:11 [TUniServerModule]:Debug Mode = ON
GCont.exe: 00001CB8: 21:27:11 [TUniServerModule]:Erasing Cache Folder...
GCont.exe: 00001CB8: 21:27:11 [TUniServerModule]:Cache Folder Erased. <74> Files deleted.
GCont.exe: 00001CB8: 21:27:11 [TUniServerModule]:Starting HTTP Server...
GCont.exe: 00001CB8: 21:27:11 [TUniServerModule]:HTTP Server Started. Port: 8077
GCont.exe: 00002C70: 21:29:35 []:>--------------------------------------------------------------<
GCont.exe: 00002C70: 21:29:35 [TUniServerModule]:Server First Init.
GCont.exe: 00002C70: 21:29:35 [TUniServerModule]:Debug Mode = ON
GCont.exe: 00002C70: 21:29:35 [TUniServerModule]:Erasing Cache Folder...
GCont.exe: 00002C70: 21:29:35 [TUniServerModule]:Cache Folder Erased. <1> Files deleted.
GCont.exe: 00002C70: 21:29:35 [TUniServerModule]:Starting HTTP Server...
GCont.exe: 00002C70: 21:29:36 [TUniServerModule]:HTTP Server Started. Port: 8077
GCont.exe: 00004F8C: 21:30:58 []:>--------------------------------------------------------------<
GCont.exe: 00004F8C: 21:30:58 [TUniServerModule]:Server First Init.
GCont.exe: 00004F8C: 21:30:58 [TUniServerModule]:Debug Mode = ON
GCont.exe: 00004F8C: 21:30:58 [TUniServerModule]:Erasing Cache Folder...
GCont.exe: 00004F8C: 21:30:58 [TUniServerModule]:Cache Folder Erased. <80> Files deleted.
GCont.exe: 00004F8C: 21:30:58 [TUniServerModule]:Starting HTTP Server...
GCont.exe: 00004F8C: 21:30:59 [TUniServerModule]:HTTP Server Started. Port: 8077
GCont.exe: 00004794: 21:33:15 []:>--------------------------------------------------------------<
GCont.exe: 00004794: 21:33:15 [TUniServerModule]:Server First Init.
GCont.exe: 00004794: 21:33:15 [TUniServerModule]:Debug Mode = ON
GCont.exe: 00004794: 21:33:15 [TUniServerModule]:Erasing Cache Folder...
GCont.exe: 00004794: 21:33:15 [TUniServerModule]:Cache Folder Erased. <80> Files deleted.
GCont.exe: 00004794: 21:33:15 [TUniServerModule]:Starting HTTP Server...
GCont.exe: 00004794: 21:33:15 [TUniServerModule]:HTTP Server Started. Port: 8077
GCont.exe: 00007FB0: 22:14:35 []:>--------------------------------------------------------------<
GCont.exe: 00007FB0: 22:14:35 [TUniServerModule]:Server First Init.
GCont.exe: 00007FB0: 22:14:35 [TUniServerModule]:Debug Mode = ON
GCont.exe: 00007FB0: 22:14:35 [TUniServerModule]:Erasing Cache Folder...
GCont.exe: 00007FB0: 22:14:35 [TUniServerModule]:Cache Folder Erased. <91> Files deleted.
GCont.exe: 00007FB0: 22:14:35 [TUniServerModule]:Starting HTTP Server...
GCont.exe: 00007FB0: 22:14:35 [TUniServerModule]:HTTP Server Started. Port: 8077
GCont.exe: 00007F44: 22:15:51 []:>--------------------------------------------------------------<
GCont.exe: 00007F44: 22:15:51 [TUniServerModule]:Server First Init.
GCont.exe: 00007F44: 22:15:51 [TUniServerModule]:Debug Mode = ON
GCont.exe: 00007F44: 22:15:51 [TUniServerModule]:Erasing Cache Folder...
GCont.exe: 00007F44: 22:15:51 [TUniServerModule]:Cache Folder Erased. <82> Files deleted.
GCont.exe: 00007F44: 22:15:51 [TUniServerModule]:Starting HTTP Server...
GCont.exe: 00007F44: 22:15:51 [TUniServerModule]:HTTP Server Started. Port: 8077
GCont.exe: 00007C78: 22:18:01 []:>--------------------------------------------------------------<
GCont.exe: 00007C78: 22:18:01 [TUniServerModule]:Server First Init.
GCont.exe: 00007C78: 22:18:01 [TUniServerModule]:Debug Mode = ON
GCont.exe: 00007C78: 22:18:01 [TUniServerModule]:Erasing Cache Folder...
GCont.exe: 00007C78: 22:18:01 [TUniServerModule]:Cache Folder Erased. <70> Files deleted.
GCont.exe: 00007C78: 22:18:01 [TUniServerModule]:Starting HTTP Server...
GCont.exe: 00007C78: 22:18:02 [TUniServerModule]:HTTP Server Started. Port: 8077
GCont.exe: 00007CA4: 22:19:04 []:>--------------------------------------------------------------<
GCont.exe: 00007CA4: 22:19:05 [TUniServerModule]:Server First Init.
GCont.exe: 00007CA4: 22:19:05 [TUniServerModule]:Debug Mode = ON
GCont.exe: 00007CA4: 22:19:05 [TUniServerModule]:Erasing Cache Folder...
GCont.exe: 00007CA4: 22:19:05 [TUniServerModule]:Cache Folder Erased. <88> Files deleted.
GCont.exe: 00007CA4: 22:19:05 [TUniServerModule]:Starting HTTP Server...
GCont.exe: 00007CA4: 22:19:05 [TUniServerModule]:HTTP Server Started. Port: 8077
GCont.exe: 00007ED8: 22:21:02 []:>--------------------------------------------------------------<
GCont.exe: 00007ED8: 22:21:02 [TUniServerModule]:Server First Init.
GCont.exe: 00007ED8: 22:21:02 [TUniServerModule]:Debug Mode = ON
GCont.exe: 00007ED8: 22:21:02 [TUniServerModule]:Erasing Cache Folder...
GCont.exe: 00007ED8: 22:21:02 [TUniServerModule]:Cache Folder Erased. <78> Files deleted.
GCont.exe: 00007ED8: 22:21:02 [TUniServerModule]:Starting HTTP Server...
GCont.exe: 00007ED8: 22:21:02 [TUniServerModule]:HTTP Server Started. Port: 8077
GCont.exe: 000077EC: 22:21:54 []:>--------------------------------------------------------------<
GCont.exe: 000077EC: 22:21:54 [TUniServerModule]:Server First Init.
GCont.exe: 000077EC: 22:21:54 [TUniServerModule]:Debug Mode = ON
GCont.exe: 000077EC: 22:21:54 [TUniServerModule]:Erasing Cache Folder...
GCont.exe: 000077EC: 22:21:54 [TUniServerModule]:Cache Folder Erased. <36> Files deleted.
GCont.exe: 000077EC: 22:21:54 [TUniServerModule]:Starting HTTP Server...
GCont.exe: 000077EC: 22:21:54 [TUniServerModule]:HTTP Server Started. Port: 8077
GCont.exe: 00008030: 22:23:17 []:>--------------------------------------------------------------<
GCont.exe: 00008030: 22:23:17 [TUniServerModule]:Server First Init.
GCont.exe: 00008030: 22:23:17 [TUniServerModule]:Debug Mode = ON
GCont.exe: 00008030: 22:23:17 [TUniServerModule]:Erasing Cache Folder...
GCont.exe: 00008030: 22:23:18 [TUniServerModule]:Cache Folder Erased. <81> Files deleted.
GCont.exe: 00008030: 22:23:18 [TUniServerModule]:Starting HTTP Server...
GCont.exe: 00008030: 22:23:18 [TUniServerModule]:HTTP Server Started. Port: 8077
GCont.exe: 00008884: 23:12:48 []:>--------------------------------------------------------------<
GCont.exe: 00008884: 23:12:48 [TUniServerModule]:Server First Init.
GCont.exe: 00008884: 23:12:48 [TUniServerModule]:Debug Mode = ON
GCont.exe: 00008884: 23:12:48 [TUniServerModule]:Erasing Cache Folder...
GCont.exe: 00008884: 23:12:48 [TUniServerModule]:Cache Folder Erased. <81> Files deleted.
GCont.exe: 00008884: 23:12:48 [TUniServerModule]:Starting HTTP Server...
GCont.exe: 00008884: 23:12:48 [TUniServerModule]:HTTP Server Started. Port: 8077
